<?xml version="1.0" encoding="UTF-8"?>
<testng-results skipped="0" failed="0" ignored="0" total="1" passed="1">
  <reporter-output>
  </reporter-output>
  <suite name="Default suite" duration-ms="13256" started-at="2019-08-17T16:13:07Z" finished-at="2019-08-17T16:13:20Z">
    <groups>
    </groups>
    <test name="Default test" duration-ms="13256" started-at="2019-08-17T16:13:07Z" finished-at="2019-08-17T16:13:20Z">
      <class name="com.primusbank.tests.HybridPB">
        <test-method status="PASS" signature="launchApp()[pri:0, instance:com.primusbank.tests.HybridPB@ae45eb6]" name="launchApp" is-config="true" duration-ms="9761" started-at="2019-08-17T16:12:57Z" finished-at="2019-08-17T16:13:07Z">
          <reporter-output>
          </reporter-output>
        </test-method> <!-- launchApp -->
        <test-method status="PASS" signature="primusbankBatchTest()[pri:0, instance:com.primusbank.tests.HybridPB@ae45eb6]" name="primusbankBatchTest" duration-ms="13215" started-at="2019-08-17T16:13:07Z" finished-at="2019-08-17T16:13:20Z">
          <reporter-output>
          </reporter-output>
        </test-method> <!-- primusbankBatchTest -->
        <test-method status="PASS" signature="closeApp()[pri:0, instance:com.primusbank.tests.HybridPB@ae45eb6]" name="closeApp" is-config="true" duration-ms="338" started-at="2019-08-17T16:13:20Z" finished-at="2019-08-17T16:13:20Z">
          <reporter-output>
          </reporter-output>
        </test-method> <!-- closeApp -->
      </class> <!-- com.primusbank.tests.HybridPB -->
    </test> <!-- Default test -->
  </suite> <!-- Default suite -->
</testng-results>
